Arguments: 
  C:\Program Files\nodejs\node.exe C:\Program Files (x86)\Yarn\bin\yarn.js init =-y

PATH: 
  C:\Users\Devel\AppData\Local\Programs\Python\Python39\Scripts\;C:\Users\Devel\AppData\Local\Programs\Python\Python39\;C:\Windows\system32;C:\Windows;C:\Windows\System32\Wbem;C:\Windows\System32\WindowsPowerShell\v1.0\;C:\Windows\System32\OpenSSH\;C:\Program Files\NVIDIA Corporation\NVIDIA NvDLISR;C:\Program Files\Microsoft SQL Server\130\Tools\Binn\;C:\Program Files\Microsoft SQL Server\Client SDK\ODBC\170\Tools\Binn\;C:\ProgramData\chocolatey\bin;C:\Program Files\php\8.0.0;C:\ProgramData\ComposerSetup\bin;C:\Program Files (x86)\mingw-w64\mingw32\bin;C:\Program Files (x86)\Yarn\bin\;C:\Program Files\dotnet\;C:\WINDOWS\system32;C:\WINDOWS;C:\WINDOWS\System32\Wbem;C:\WINDOWS\System32\WindowsPowerShell\v1.0\;C:\WINDOWS\System32\OpenSSH\;C:\Program Files (x86)\NVIDIA Corporation\PhysX\Common;C:\Program Files\Git\cmd;C:\Program Files\Docker\Docker\resources\bin;C:\ProgramData\DockerDesktop\version-bin;C:\Program Files\nodejs\;C:\Ruby30-x64\bin;C:\Users\Devel\AppData\Local\Programs\Python\Launcher\;C:\Users\Devel\AppData\Local\Microsoft\WindowsApps;C:\Users\Devel\AppData\Local\Programs\Microsoft VS Code\bin;C:\Program Files\JetBrains\PyCharm Community Edition 2020.3\bin;;C:\Program Files\JetBrains\DataGrip 2020.2.3\bin;;C:\Program Files\JetBrains\PhpStorm 2020.3\bin;;C:\Users\Devel\AppData\Roaming\Composer\vendor\bin;C:\Users\Devel\AppData\Local\Yarn\bin;C:\Users\Devel\.dotnet\tools;C:\Users\Devel\AppData\Local\hyper\app-3.0.2\resources\bin;C:\Program Files\Git\mingw64\bin;C:\Program Files\heroku\bin;C:\Users\Devel\AppData\Roaming\npm

Yarn version: 
  1.22.5

Node version: 
  16.13.1

Platform: 
  win32 x64

Trace: 
  Error: canceled
      at Interface.<anonymous> (C:\Program Files (x86)\Yarn\lib\cli.js:137009:13)
      at Interface.emit (node:events:390:28)
      at Interface._ttyWrite (node:readline:1081:16)
      at ReadStream.onkeypress (node:readline:288:10)
      at ReadStream.emit (node:events:390:28)
      at emitKeys (node:internal/readline/utils:358:14)
      at emitKeys.next (<anonymous>)
      at ReadStream.onData (node:internal/readline/emitKeypressEvents:61:36)
      at ReadStream.emit (node:events:390:28)
      at addChunk (node:internal/streams/readable:315:12)

npm manifest: 
  No manifest

yarn manifest: 
  No manifest

Lockfile: 
  No lockfile
